e:\vs2017_project\gitlibrary\eatbeans\eatbeans\release\vc141.pdb
e:\vs2017_project\gitlibrary\eatbeans\eatbeans\release\gobject.obj
e:\vs2017_project\gitlibrary\eatbeans\eatbeans\release\gmap.obj
e:\vs2017_project\gitlibrary\eatbeans\eatbeans\release\gamemusic.obj
e:\vs2017_project\gitlibrary\eatbeans\eatbeans\release\eatbeans.obj
e:\vs2017_project\gitlibrary\eatbeans\release\eatbeans.ipdb
e:\vs2017_project\gitlibrary\eatbeans\release\eatbeans.iobj
e:\vs2017_project\gitlibrary\eatbeans\release\eatbeans.exe
e:\vs2017_project\gitlibrary\eatbeans\release\eatbeans.pdb
e:\vs2017_project\gitlibrary\eatbeans\eatbeans\release\eatbeans.res
e:\vs2017_project\gitlibrary\eatbeans\eatbeans\release\eatbeans.tlog\cl.command.1.tlog
e:\vs2017_project\gitlibrary\eatbeans\eatbeans\release\eatbeans.tlog\cl.read.1.tlog
e:\vs2017_project\gitlibrary\eatbeans\eatbeans\release\eatbeans.tlog\cl.write.1.tlog
e:\vs2017_project\gitlibrary\eatbeans\eatbeans\release\eatbeans.tlog\eatbeans.write.1u.tlog
e:\vs2017_project\gitlibrary\eatbeans\eatbeans\release\eatbeans.tlog\link.command.1.tlog
e:\vs2017_project\gitlibrary\eatbeans\eatbeans\release\eatbeans.tlog\link.read.1.tlog
e:\vs2017_project\gitlibrary\eatbeans\eatbeans\release\eatbeans.tlog\link.write.1.tlog
e:\vs2017_project\gitlibrary\eatbeans\eatbeans\release\eatbeans.tlog\rc.command.1.tlog
e:\vs2017_project\gitlibrary\eatbeans\eatbeans\release\eatbeans.tlog\rc.read.1.tlog
e:\vs2017_project\gitlibrary\eatbeans\eatbeans\release\eatbeans.tlog\rc.write.1.tlog
