e:\vs2017_project\gitlibrary\tanker\tanker\debug\tanker.pch
e:\vs2017_project\gitlibrary\tanker\tanker\debug\vc141.pdb
e:\vs2017_project\gitlibrary\tanker\tanker\debug\vc141.idb
e:\vs2017_project\gitlibrary\tanker\tanker\debug\pch.obj
e:\vs2017_project\gitlibrary\tanker\tanker\debug\tanker.obj
e:\vs2017_project\gitlibrary\tanker\tanker\debug\mainfrm.obj
e:\vs2017_project\gitlibrary\tanker\tanker\debug\cgamemenupanel.obj
e:\vs2017_project\gitlibrary\tanker\tanker\debug\cgamemenubackground.obj
e:\vs2017_project\gitlibrary\tanker\tanker\debug\cgameentry.obj
e:\vs2017_project\gitlibrary\tanker\tanker\debug\cgame.obj
e:\vs2017_project\gitlibrary\tanker\debug\tanker.ilk
e:\vs2017_project\gitlibrary\tanker\debug\tanker.exe
e:\vs2017_project\gitlibrary\tanker\debug\tanker.pdb
e:\vs2017_project\gitlibrary\tanker\tanker\debug\tanker.res
e:\vs2017_project\gitlibrary\tanker\tanker\debug\tanker.tlog\cl.command.1.tlog
e:\vs2017_project\gitlibrary\tanker\tanker\debug\tanker.tlog\cl.read.1.tlog
e:\vs2017_project\gitlibrary\tanker\tanker\debug\tanker.tlog\cl.write.1.tlog
e:\vs2017_project\gitlibrary\tanker\tanker\debug\tanker.tlog\link.command.1.tlog
e:\vs2017_project\gitlibrary\tanker\tanker\debug\tanker.tlog\link.read.1.tlog
e:\vs2017_project\gitlibrary\tanker\tanker\debug\tanker.tlog\link.write.1.tlog
e:\vs2017_project\gitlibrary\tanker\tanker\debug\tanker.tlog\rc.command.1.tlog
e:\vs2017_project\gitlibrary\tanker\tanker\debug\tanker.tlog\rc.read.1.tlog
e:\vs2017_project\gitlibrary\tanker\tanker\debug\tanker.tlog\rc.write.1.tlog
