e:\vs2022_project\wemfc\wemfc\x64\debug\wemfc.pch
e:\vs2022_project\wemfc\wemfc\x64\debug\vc143.pdb
e:\vs2022_project\wemfc\wemfc\x64\debug\vc143.idb
e:\vs2022_project\wemfc\wemfc\x64\debug\pch.obj
e:\vs2022_project\wemfc\wemfc\x64\debug\wemfcview.obj
e:\vs2022_project\wemfc\wemfc\x64\debug\wemfcdoc.obj
e:\vs2022_project\wemfc\wemfc\x64\debug\wemfc.obj
e:\vs2022_project\wemfc\wemfc\x64\debug\mainfrm.obj
e:\vs2022_project\wemfc\wemfc\x64\debug\csimulatekeyinput.obj
e:\vs2022_project\wemfc\wemfc\x64\debug\cmousetip.obj
e:\vs2022_project\wemfc\wemfc\x64\debug\cmfectooltip.obj
e:\vs2022_project\wemfc\wemfc\x64\debug\ckeycode.obj
e:\vs2022_project\wemfc\wemfc\x64\debug\ccursorhot.obj
e:\vs2022_project\wemfc\x64\debug\wemfc.exe
e:\vs2022_project\wemfc\wemfc\x64\debug\wemfc.ilk
e:\vs2022_project\wemfc\x64\debug\wemfc.pdb
e:\vs2022_project\wemfc\wemfc\x64\debug\wemfc.res
e:\vs2022_project\wemfc\wemfc\x64\debug\wemfc.tlog\cl.command.1.tlog
e:\vs2022_project\wemfc\wemfc\x64\debug\wemfc.tlog\cl.items.tlog
e:\vs2022_project\wemfc\wemfc\x64\debug\wemfc.tlog\cl.read.1.tlog
e:\vs2022_project\wemfc\wemfc\x64\debug\wemfc.tlog\cl.write.1.tlog
e:\vs2022_project\wemfc\wemfc\x64\debug\wemfc.tlog\link.command.1.tlog
e:\vs2022_project\wemfc\wemfc\x64\debug\wemfc.tlog\link.read.1.tlog
e:\vs2022_project\wemfc\wemfc\x64\debug\wemfc.tlog\link.write.1.tlog
e:\vs2022_project\wemfc\wemfc\x64\debug\wemfc.tlog\rc.command.1.tlog
e:\vs2022_project\wemfc\wemfc\x64\debug\wemfc.tlog\rc.read.1.tlog
e:\vs2022_project\wemfc\wemfc\x64\debug\wemfc.tlog\rc.write.1.tlog
